{"/Users/derekmalone/newTerra/project-catwalk-1/configAPI.js": {"path":"/Users/derekmalone/newTerra/project-catwalk-1/configAPI.js","statementMap":{"0":{"start":{"line":5,"column":12},"end":{"line":5,"column":65}},"1":{"start":{"line":7,"column":13},"end":{"line":11,"column":1}},"2":{"start":{"line":12,"column":24},"end":{"line":16,"column":1}},"3":{"start":{"line":17,"column":0},"end":{"line":17,"column":48}}},"fnMap":{},"branchMap":{},"s":{"0":4,"1":4,"2":4,"3":4},"f":{},"b":{},"_coverageSchema":"1a1c01bbd47fc00a2c39e90264f33305004495a9","hash":"4545ba36ace155eab30def93a33797d0575b63ae"}
,"/Users/derekmalone/newTerra/project-catwalk-1/client/src/QandAComponents/Answer.jsx": {"path":"/Users/derekmalone/newTerra/project-catwalk-1/client/src/QandAComponents/Answer.jsx","statementMap":{"0":{"start":{"line":7,"column":32},"end":{"line":7,"column":47}},"1":{"start":{"line":9,"column":20},"end":{"line":16,"column":3}},"2":{"start":{"line":10,"column":4},"end":{"line":10,"column":27}},"3":{"start":{"line":11,"column":4},"end":{"line":15,"column":54}},"4":{"start":{"line":13,"column":8},"end":{"line":13,"column":26}},"5":{"start":{"line":15,"column":25},"end":{"line":15,"column":50}},"6":{"start":{"line":18,"column":2},"end":{"line":29,"column":4}},"7":{"start":{"line":40,"column":2},"end":{"line":42,"column":3}},"8":{"start":{"line":41,"column":4},"end":{"line":41,"column":16}},"9":{"start":{"line":43,"column":2},"end":{"line":49,"column":4}},"10":{"start":{"line":46,"column":8},"end":{"line":46,"column":90}},"11":{"start":{"line":53,"column":26},"end":{"line":53,"column":41}},"12":{"start":{"line":54,"column":2},"end":{"line":61,"column":4}},"13":{"start":{"line":56,"column":73},"end":{"line":56,"column":87}},"14":{"start":{"line":57,"column":49},"end":{"line":57,"column":64}}},"fnMap":{"0":{"name":"Answer","decl":{"start":{"line":6,"column":9},"end":{"line":6,"column":15}},"loc":{"start":{"line":6,"column":23},"end":{"line":37,"column":1}},"line":6},"1":{"name":"(anonymous_1)","decl":{"start":{"line":9,"column":20},"end":{"line":9,"column":21}},"loc":{"start":{"line":9,"column":31},"end":{"line":16,"column":3}},"line":9},"2":{"name":"(anonymous_2)","decl":{"start":{"line":12,"column":13},"end":{"line":12,"column":14}},"loc":{"start":{"line":12,"column":22},"end":{"line":14,"column":7}},"line":12},"3":{"name":"(anonymous_3)","decl":{"start":{"line":15,"column":14},"end":{"line":15,"column":15}},"loc":{"start":{"line":15,"column":23},"end":{"line":15,"column":52}},"line":15},"4":{"name":"Photos","decl":{"start":{"line":39,"column":9},"end":{"line":39,"column":15}},"loc":{"start":{"line":39,"column":23},"end":{"line":50,"column":1}},"line":39},"5":{"name":"(anonymous_5)","decl":{"start":{"line":45,"column":25},"end":{"line":45,"column":26}},"loc":{"start":{"line":45,"column":43},"end":{"line":47,"column":7}},"line":45},"6":{"name":"Photo","decl":{"start":{"line":52,"column":9},"end":{"line":52,"column":14}},"loc":{"start":{"line":52,"column":22},"end":{"line":62,"column":1}},"line":52},"7":{"name":"(anonymous_7)","decl":{"start":{"line":56,"column":65},"end":{"line":56,"column":66}},"loc":{"start":{"line":56,"column":71},"end":{"line":56,"column":89}},"line":56},"8":{"name":"(anonymous_8)","decl":{"start":{"line":57,"column":41},"end":{"line":57,"column":42}},"loc":{"start":{"line":57,"column":47},"end":{"line":57,"column":66}},"line":57}},"branchMap":{"0":{"loc":{"start":{"line":24,"column":163},"end":{"line":24,"column":195}},"type":"cond-expr","locations":[{"start":{"line":24,"column":174},"end":{"line":24,"column":184}},{"start":{"line":24,"column":187},"end":{"line":24,"column":195}}],"line":24},"1":{"loc":{"start":{"line":40,"column":2},"end":{"line":42,"column":3}},"type":"if","locations":[{"start":{"line":40,"column":2},"end":{"line":42,"column":3}},{"start":{"line":40,"column":2},"end":{"line":42,"column":3}}],"line":40}},"s":{"0":2,"1":2,"2":0,"3":0,"4":0,"5":0,"6":2,"7":2,"8":2,"9":0,"10":0,"11":0,"12":0,"13":0,"14":0},"f":{"0":2,"1":0,"2":0,"3":0,"4":2,"5":0,"6":0,"7":0,"8":0},"b":{"0":[0,2],"1":[2,0]},"_coverageSchema":"1a1c01bbd47fc00a2c39e90264f33305004495a9","hash":"de7b8f9b29889d9703c957a2057b66e85aed7833"}
,"/Users/derekmalone/newTerra/project-catwalk-1/client/src/QandAComponents/AnswerList.jsx": {"path":"/Users/derekmalone/newTerra/project-catwalk-1/client/src/QandAComponents/AnswerList.jsx","statementMap":{"0":{"start":{"line":4,"column":19},"end":{"line":27,"column":1}},"1":{"start":{"line":5,"column":2},"end":{"line":16,"column":3}},"2":{"start":{"line":6,"column":4},"end":{"line":15,"column":6}},"3":{"start":{"line":9,"column":10},"end":{"line":11,"column":11}},"4":{"start":{"line":10,"column":12},"end":{"line":10,"column":55}},"5":{"start":{"line":17,"column":2},"end":{"line":26,"column":4}},"6":{"start":{"line":20,"column":8},"end":{"line":22,"column":9}},"7":{"start":{"line":21,"column":10},"end":{"line":21,"column":53}},"8":{"start":{"line":30,"column":2},"end":{"line":32,"column":3}},"9":{"start":{"line":31,"column":4},"end":{"line":31,"column":63}},"10":{"start":{"line":33,"column":2},"end":{"line":35,"column":3}},"11":{"start":{"line":34,"column":4},"end":{"line":34,"column":107}},"12":{"start":{"line":36,"column":2},"end":{"line":36,"column":14}}},"fnMap":{"0":{"name":"(anonymous_0)","decl":{"start":{"line":4,"column":19},"end":{"line":4,"column":20}},"loc":{"start":{"line":4,"column":30},"end":{"line":27,"column":1}},"line":4},"1":{"name":"(anonymous_1)","decl":{"start":{"line":8,"column":27},"end":{"line":8,"column":28}},"loc":{"start":{"line":8,"column":46},"end":{"line":12,"column":9}},"line":8},"2":{"name":"(anonymous_2)","decl":{"start":{"line":19,"column":25},"end":{"line":19,"column":26}},"loc":{"start":{"line":19,"column":44},"end":{"line":23,"column":7}},"line":19},"3":{"name":"ExandAnswers","decl":{"start":{"line":29,"column":9},"end":{"line":29,"column":21}},"loc":{"start":{"line":29,"column":29},"end":{"line":37,"column":1}},"line":29}},"branchMap":{"0":{"loc":{"start":{"line":5,"column":2},"end":{"line":16,"column":3}},"type":"if","locations":[{"start":{"line":5,"column":2},"end":{"line":16,"column":3}},{"start":{"line":5,"column":2},"end":{"line":16,"column":3}}],"line":5},"1":{"loc":{"start":{"line":9,"column":10},"end":{"line":11,"column":11}},"type":"if","locations":[{"start":{"line":9,"column":10},"end":{"line":11,"column":11}},{"start":{"line":9,"column":10},"end":{"line":11,"column":11}}],"line":9},"2":{"loc":{"start":{"line":20,"column":8},"end":{"line":22,"column":9}},"type":"if","locations":[{"start":{"line":20,"column":8},"end":{"line":22,"column":9}},{"start":{"line":20,"column":8},"end":{"line":22,"column":9}}],"line":20},"3":{"loc":{"start":{"line":30,"column":2},"end":{"line":32,"column":3}},"type":"if","locations":[{"start":{"line":30,"column":2},"end":{"line":32,"column":3}},{"start":{"line":30,"column":2},"end":{"line":32,"column":3}}],"line":30},"4":{"loc":{"start":{"line":33,"column":2},"end":{"line":35,"column":3}},"type":"if","locations":[{"start":{"line":33,"column":2},"end":{"line":35,"column":3}},{"start":{"line":33,"column":2},"end":{"line":35,"column":3}}],"line":33}},"s":{"0":3,"1":5,"2":5,"3":3,"4":2,"5":0,"6":0,"7":0,"8":5,"9":4,"10":1,"11":1,"12":0},"f":{"0":5,"1":3,"2":0,"3":5},"b":{"0":[5,0],"1":[2,1],"2":[0,0],"3":[4,1],"4":[1,0]},"_coverageSchema":"1a1c01bbd47fc00a2c39e90264f33305004495a9","hash":"391d4881dcd8db18c49050229f30f814137f5cae"}
,"/Users/derekmalone/newTerra/project-catwalk-1/client/src/QandAComponents/GenericModal.jsx": {"path":"/Users/derekmalone/newTerra/project-catwalk-1/client/src/QandAComponents/GenericModal.jsx","statementMap":{"0":{"start":{"line":5,"column":21},"end":{"line":13,"column":1}},"1":{"start":{"line":15,"column":19},"end":{"line":19,"column":1}},"2":{"start":{"line":21,"column":23},"end":{"line":29,"column":1}},"3":{"start":{"line":32,"column":2},"end":{"line":34,"column":3}},"4":{"start":{"line":33,"column":4},"end":{"line":33,"column":16}},"5":{"start":{"line":35,"column":2},"end":{"line":48,"column":4}}},"fnMap":{"0":{"name":"GenericModal","decl":{"start":{"line":31,"column":9},"end":{"line":31,"column":21}},"loc":{"start":{"line":31,"column":50},"end":{"line":49,"column":1}},"line":31}},"branchMap":{"0":{"loc":{"start":{"line":32,"column":2},"end":{"line":34,"column":3}},"type":"if","locations":[{"start":{"line":32,"column":2},"end":{"line":34,"column":3}},{"start":{"line":32,"column":2},"end":{"line":34,"column":3}}],"line":32}},"s":{"0":3,"1":3,"2":3,"3":5,"4":5,"5":0},"f":{"0":5},"b":{"0":[5,0]},"_coverageSchema":"1a1c01bbd47fc00a2c39e90264f33305004495a9","hash":"2237515c9018caf7c59a7d00afe769cc3f0e3b2f"}
,"/Users/derekmalone/newTerra/project-catwalk-1/client/src/QandAComponents/Helpfulness.jsx": {"path":"/Users/derekmalone/newTerra/project-catwalk-1/client/src/QandAComponents/Helpfulness.jsx","statementMap":{"0":{"start":{"line":6,"column":32},"end":{"line":6,"column":47}},"1":{"start":{"line":8,"column":20},"end":{"line":15,"column":3}},"2":{"start":{"line":9,"column":4},"end":{"line":9,"column":27}},"3":{"start":{"line":10,"column":4},"end":{"line":14,"column":54}},"4":{"start":{"line":12,"column":8},"end":{"line":12,"column":26}},"5":{"start":{"line":14,"column":25},"end":{"line":14,"column":50}},"6":{"start":{"line":16,"column":2},"end":{"line":24,"column":3}},"7":{"start":{"line":18,"column":4},"end":{"line":23,"column":6}},"8":{"start":{"line":25,"column":2},"end":{"line":29,"column":4}}},"fnMap":{"0":{"name":"Helpfulness","decl":{"start":{"line":4,"column":9},"end":{"line":4,"column":20}},"loc":{"start":{"line":4,"column":29},"end":{"line":30,"column":1}},"line":4},"1":{"name":"(anonymous_1)","decl":{"start":{"line":8,"column":20},"end":{"line":8,"column":21}},"loc":{"start":{"line":8,"column":31},"end":{"line":15,"column":3}},"line":8},"2":{"name":"(anonymous_2)","decl":{"start":{"line":11,"column":13},"end":{"line":11,"column":14}},"loc":{"start":{"line":11,"column":22},"end":{"line":13,"column":7}},"line":11},"3":{"name":"(anonymous_3)","decl":{"start":{"line":14,"column":14},"end":{"line":14,"column":15}},"loc":{"start":{"line":14,"column":23},"end":{"line":14,"column":52}},"line":14}},"branchMap":{"0":{"loc":{"start":{"line":16,"column":2},"end":{"line":24,"column":3}},"type":"if","locations":[{"start":{"line":16,"column":2},"end":{"line":24,"column":3}},{"start":{"line":16,"column":2},"end":{"line":24,"column":3}}],"line":16}},"s":{"0":11,"1":11,"2":0,"3":0,"4":0,"5":0,"6":11,"7":11,"8":0},"f":{"0":11,"1":0,"2":0,"3":0},"b":{"0":[11,0]},"_coverageSchema":"1a1c01bbd47fc00a2c39e90264f33305004495a9","hash":"2b4f4fed53e6801becbee5230b6003b8a6cd2bb3"}
,"/Users/derekmalone/newTerra/project-catwalk-1/client/src/QandAComponents/QandAAPIcalls.js": {"path":"/Users/derekmalone/newTerra/project-catwalk-1/client/src/QandAComponents/QandAAPIcalls.js","statementMap":{"0":{"start":{"line":4,"column":17},"end":{"line":4,"column":19}},"1":{"start":{"line":6,"column":16},"end":{"line":6,"column":18}},"2":{"start":{"line":8,"column":0},"end":{"line":20,"column":2}},"3":{"start":{"line":9,"column":15},"end":{"line":11,"column":3}},"4":{"start":{"line":13,"column":2},"end":{"line":18,"column":56}},"5":{"start":{"line":16,"column":6},"end":{"line":16,"column":26}},"6":{"start":{"line":18,"column":20},"end":{"line":18,"column":52}},"7":{"start":{"line":22,"column":0},"end":{"line":34,"column":2}},"8":{"start":{"line":23,"column":15},"end":{"line":26,"column":3}},"9":{"start":{"line":28,"column":2},"end":{"line":33,"column":48}},"10":{"start":{"line":31,"column":6},"end":{"line":31,"column":26}},"11":{"start":{"line":33,"column":20},"end":{"line":33,"column":44}},"12":{"start":{"line":36,"column":0},"end":{"line":50,"column":2}},"13":{"start":{"line":37,"column":13},"end":{"line":42,"column":3}},"14":{"start":{"line":45,"column":2},"end":{"line":49,"column":48}},"15":{"start":{"line":47,"column":6},"end":{"line":47,"column":29}},"16":{"start":{"line":49,"column":20},"end":{"line":49,"column":44}},"17":{"start":{"line":52,"column":0},"end":{"line":70,"column":2}},"18":{"start":{"line":54,"column":13},"end":{"line":58,"column":3}},"19":{"start":{"line":59,"column":15},"end":{"line":61,"column":3}},"20":{"start":{"line":65,"column":2},"end":{"line":69,"column":48}},"21":{"start":{"line":67,"column":6},"end":{"line":67,"column":38}},"22":{"start":{"line":69,"column":20},"end":{"line":69,"column":44}},"23":{"start":{"line":72,"column":0},"end":{"line":78,"column":2}},"24":{"start":{"line":76,"column":2},"end":{"line":76,"column":71}}},"fnMap":{"0":{"name":"(anonymous_0)","decl":{"start":{"line":8,"column":26},"end":{"line":8,"column":27}},"loc":{"start":{"line":8,"column":41},"end":{"line":20,"column":1}},"line":8},"1":{"name":"(anonymous_1)","decl":{"start":{"line":14,"column":10},"end":{"line":14,"column":11}},"loc":{"start":{"line":14,"column":21},"end":{"line":17,"column":5}},"line":14},"2":{"name":"(anonymous_2)","decl":{"start":{"line":18,"column":11},"end":{"line":18,"column":12}},"loc":{"start":{"line":18,"column":18},"end":{"line":18,"column":54}},"line":18},"3":{"name":"(anonymous_3)","decl":{"start":{"line":22,"column":24},"end":{"line":22,"column":25}},"loc":{"start":{"line":22,"column":40},"end":{"line":34,"column":1}},"line":22},"4":{"name":"(anonymous_4)","decl":{"start":{"line":29,"column":10},"end":{"line":29,"column":11}},"loc":{"start":{"line":29,"column":21},"end":{"line":32,"column":5}},"line":29},"5":{"name":"(anonymous_5)","decl":{"start":{"line":33,"column":11},"end":{"line":33,"column":12}},"loc":{"start":{"line":33,"column":18},"end":{"line":33,"column":46}},"line":33},"6":{"name":"(anonymous_6)","decl":{"start":{"line":36,"column":26},"end":{"line":36,"column":27}},"loc":{"start":{"line":36,"column":47},"end":{"line":50,"column":1}},"line":36},"7":{"name":"(anonymous_7)","decl":{"start":{"line":46,"column":10},"end":{"line":46,"column":11}},"loc":{"start":{"line":46,"column":21},"end":{"line":48,"column":5}},"line":46},"8":{"name":"(anonymous_8)","decl":{"start":{"line":49,"column":11},"end":{"line":49,"column":12}},"loc":{"start":{"line":49,"column":18},"end":{"line":49,"column":46}},"line":49},"9":{"name":"(anonymous_9)","decl":{"start":{"line":52,"column":24},"end":{"line":52,"column":25}},"loc":{"start":{"line":52,"column":47},"end":{"line":70,"column":1}},"line":52},"10":{"name":"(anonymous_10)","decl":{"start":{"line":66,"column":10},"end":{"line":66,"column":11}},"loc":{"start":{"line":66,"column":21},"end":{"line":68,"column":5}},"line":66},"11":{"name":"(anonymous_11)","decl":{"start":{"line":69,"column":11},"end":{"line":69,"column":12}},"loc":{"start":{"line":69,"column":18},"end":{"line":69,"column":46}},"line":69},"12":{"name":"(anonymous_12)","decl":{"start":{"line":72,"column":38},"end":{"line":72,"column":39}},"loc":{"start":{"line":72,"column":67},"end":{"line":78,"column":1}},"line":72}},"branchMap":{},"s":{"0":4,"1":4,"2":4,"3":0,"4":0,"5":0,"6":0,"7":4,"8":0,"9":0,"10":0,"11":0,"12":4,"13":0,"14":0,"15":0,"16":0,"17":4,"18":0,"19":0,"20":0,"21":0,"22":0,"23":4,"24":0},"f":{"0":0,"1":0,"2":0,"3":0,"4":0,"5":0,"6":0,"7":0,"8":0,"9":0,"10":0,"11":0,"12":0},"b":{},"_coverageSchema":"1a1c01bbd47fc00a2c39e90264f33305004495a9","hash":"5b830bd90441b1895bc62fae234af1e6e5bc7f34"}
,"/Users/derekmalone/newTerra/project-catwalk-1/client/src/QandAComponents/Question.jsx": {"path":"/Users/derekmalone/newTerra/project-catwalk-1/client/src/QandAComponents/Question.jsx","statementMap":{"0":{"start":{"line":9,"column":17},"end":{"line":120,"column":1}},"1":{"start":{"line":10,"column":29},"end":{"line":10,"column":41}},"2":{"start":{"line":11,"column":24},"end":{"line":11,"column":39}},"3":{"start":{"line":12,"column":38},"end":{"line":12,"column":53}},"4":{"start":{"line":13,"column":48},"end":{"line":13,"column":59}},"5":{"start":{"line":14,"column":28},"end":{"line":18,"column":4}},"6":{"start":{"line":19,"column":28},"end":{"line":22,"column":3}},"7":{"start":{"line":20,"column":4},"end":{"line":20,"column":27}},"8":{"start":{"line":21,"column":4},"end":{"line":21,"column":33}},"9":{"start":{"line":23,"column":20},"end":{"line":26,"column":3}},"10":{"start":{"line":24,"column":4},"end":{"line":24,"column":23}},"11":{"start":{"line":25,"column":4},"end":{"line":25,"column":53}},"12":{"start":{"line":27,"column":29},"end":{"line":29,"column":3}},"13":{"start":{"line":28,"column":4},"end":{"line":28,"column":55}},"14":{"start":{"line":30,"column":31},"end":{"line":32,"column":3}},"15":{"start":{"line":31,"column":4},"end":{"line":31,"column":57}},"16":{"start":{"line":33,"column":28},"end":{"line":35,"column":3}},"17":{"start":{"line":34,"column":4},"end":{"line":34,"column":54}},"18":{"start":{"line":36,"column":27},"end":{"line":46,"column":3}},"19":{"start":{"line":37,"column":4},"end":{"line":37,"column":27}},"20":{"start":{"line":38,"column":4},"end":{"line":44,"column":50}},"21":{"start":{"line":40,"column":8},"end":{"line":40,"column":42}},"22":{"start":{"line":41,"column":8},"end":{"line":41,"column":50}},"23":{"start":{"line":42,"column":8},"end":{"line":42,"column":25}},"24":{"start":{"line":44,"column":22},"end":{"line":44,"column":46}},"25":{"start":{"line":47,"column":26},"end":{"line":50,"column":3}},"26":{"start":{"line":48,"column":4},"end":{"line":48,"column":27}},"27":{"start":{"line":49,"column":4},"end":{"line":49,"column":18}},"28":{"start":{"line":51,"column":2},"end":{"line":56,"column":37}},"29":{"start":{"line":52,"column":4},"end":{"line":55,"column":9}},"30":{"start":{"line":54,"column":8},"end":{"line":54,"column":27}},"31":{"start":{"line":57,"column":2},"end":{"line":119,"column":4}},"32":{"start":{"line":71,"column":47},"end":{"line":71,"column":63}}},"fnMap":{"0":{"name":"(anonymous_0)","decl":{"start":{"line":9,"column":17},"end":{"line":9,"column":18}},"loc":{"start":{"line":9,"column":28},"end":{"line":120,"column":1}},"line":9},"1":{"name":"(anonymous_1)","decl":{"start":{"line":19,"column":28},"end":{"line":19,"column":29}},"loc":{"start":{"line":19,"column":39},"end":{"line":22,"column":3}},"line":19},"2":{"name":"(anonymous_2)","decl":{"start":{"line":23,"column":20},"end":{"line":23,"column":21}},"loc":{"start":{"line":23,"column":35},"end":{"line":26,"column":3}},"line":23},"3":{"name":"(anonymous_3)","decl":{"start":{"line":27,"column":29},"end":{"line":27,"column":30}},"loc":{"start":{"line":27,"column":40},"end":{"line":29,"column":3}},"line":27},"4":{"name":"(anonymous_4)","decl":{"start":{"line":30,"column":31},"end":{"line":30,"column":32}},"loc":{"start":{"line":30,"column":42},"end":{"line":32,"column":3}},"line":30},"5":{"name":"(anonymous_5)","decl":{"start":{"line":33,"column":28},"end":{"line":33,"column":29}},"loc":{"start":{"line":33,"column":39},"end":{"line":35,"column":3}},"line":33},"6":{"name":"(anonymous_6)","decl":{"start":{"line":36,"column":27},"end":{"line":36,"column":28}},"loc":{"start":{"line":36,"column":38},"end":{"line":46,"column":3}},"line":36},"7":{"name":"(anonymous_7)","decl":{"start":{"line":39,"column":12},"end":{"line":39,"column":13}},"loc":{"start":{"line":39,"column":24},"end":{"line":43,"column":7}},"line":39},"8":{"name":"(anonymous_8)","decl":{"start":{"line":44,"column":13},"end":{"line":44,"column":14}},"loc":{"start":{"line":44,"column":20},"end":{"line":44,"column":48}},"line":44},"9":{"name":"(anonymous_9)","decl":{"start":{"line":47,"column":26},"end":{"line":47,"column":27}},"loc":{"start":{"line":47,"column":37},"end":{"line":50,"column":3}},"line":47},"10":{"name":"(anonymous_10)","decl":{"start":{"line":51,"column":13},"end":{"line":51,"column":14}},"loc":{"start":{"line":51,"column":19},"end":{"line":56,"column":3}},"line":51},"11":{"name":"(anonymous_11)","decl":{"start":{"line":53,"column":12},"end":{"line":53,"column":13}},"loc":{"start":{"line":53,"column":23},"end":{"line":55,"column":7}},"line":53},"12":{"name":"(anonymous_12)","decl":{"start":{"line":71,"column":41},"end":{"line":71,"column":42}},"loc":{"start":{"line":71,"column":47},"end":{"line":71,"column":63}},"line":71}},"branchMap":{},"s":{"0":1,"1":4,"2":4,"3":4,"4":4,"5":4,"6":4,"7":0,"8":0,"9":4,"10":0,"11":0,"12":4,"13":0,"14":4,"15":0,"16":4,"17":0,"18":4,"19":0,"20":0,"21":0,"22":0,"23":0,"24":0,"25":4,"26":0,"27":0,"28":4,"29":0,"30":0,"31":4,"32":0},"f":{"0":4,"1":0,"2":0,"3":0,"4":0,"5":0,"6":0,"7":0,"8":0,"9":0,"10":0,"11":0,"12":0},"b":{},"_coverageSchema":"1a1c01bbd47fc00a2c39e90264f33305004495a9","hash":"12b6c528a2632a46ec7583384a820e16762eb499"}
,"/Users/derekmalone/newTerra/project-catwalk-1/client/src/QandAComponents/QuestionList.jsx": {"path":"/Users/derekmalone/newTerra/project-catwalk-1/client/src/QandAComponents/QuestionList.jsx","statementMap":{"0":{"start":{"line":4,"column":21},"end":{"line":25,"column":1}},"1":{"start":{"line":5,"column":2},"end":{"line":15,"column":3}},"2":{"start":{"line":6,"column":4},"end":{"line":14,"column":6}},"3":{"start":{"line":9,"column":10},"end":{"line":11,"column":11}},"4":{"start":{"line":10,"column":12},"end":{"line":10,"column":91}},"5":{"start":{"line":16,"column":2},"end":{"line":24,"column":4}},"6":{"start":{"line":19,"column":8},"end":{"line":21,"column":9}},"7":{"start":{"line":20,"column":10},"end":{"line":20,"column":89}}},"fnMap":{"0":{"name":"(anonymous_0)","decl":{"start":{"line":4,"column":21},"end":{"line":4,"column":22}},"loc":{"start":{"line":4,"column":32},"end":{"line":25,"column":1}},"line":4},"1":{"name":"(anonymous_1)","decl":{"start":{"line":8,"column":29},"end":{"line":8,"column":30}},"loc":{"start":{"line":8,"column":50},"end":{"line":12,"column":9}},"line":8},"2":{"name":"(anonymous_2)","decl":{"start":{"line":18,"column":27},"end":{"line":18,"column":28}},"loc":{"start":{"line":18,"column":48},"end":{"line":22,"column":7}},"line":18}},"branchMap":{"0":{"loc":{"start":{"line":5,"column":2},"end":{"line":15,"column":3}},"type":"if","locations":[{"start":{"line":5,"column":2},"end":{"line":15,"column":3}},{"start":{"line":5,"column":2},"end":{"line":15,"column":3}}],"line":5},"1":{"loc":{"start":{"line":9,"column":10},"end":{"line":11,"column":11}},"type":"if","locations":[{"start":{"line":9,"column":10},"end":{"line":11,"column":11}},{"start":{"line":9,"column":10},"end":{"line":11,"column":11}}],"line":9},"2":{"loc":{"start":{"line":19,"column":8},"end":{"line":21,"column":9}},"type":"if","locations":[{"start":{"line":19,"column":8},"end":{"line":21,"column":9}},{"start":{"line":19,"column":8},"end":{"line":21,"column":9}}],"line":19}},"s":{"0":1,"1":3,"2":3,"3":6,"4":4,"5":0,"6":0,"7":0},"f":{"0":3,"1":6,"2":0},"b":{"0":[3,0],"1":[4,2],"2":[0,0]},"_coverageSchema":"1a1c01bbd47fc00a2c39e90264f33305004495a9","hash":"985e99dc6fc84a40cae94baa54dbbcae7a643aa6"}
,"/Users/derekmalone/newTerra/project-catwalk-1/client/src/QandAComponents/helpers.js": {"path":"/Users/derekmalone/newTerra/project-catwalk-1/client/src/QandAComponents/helpers.js","statementMap":{"0":{"start":{"line":2,"column":14},"end":{"line":2,"column":16}},"1":{"start":{"line":4,"column":0},"end":{"line":17,"column":2}},"2":{"start":{"line":7,"column":2},"end":{"line":9,"column":3}},"3":{"start":{"line":8,"column":4},"end":{"line":8,"column":16}},"4":{"start":{"line":10,"column":16},"end":{"line":10,"column":32}},"5":{"start":{"line":11,"column":2},"end":{"line":15,"column":3}},"6":{"start":{"line":12,"column":4},"end":{"line":14,"column":5}},"7":{"start":{"line":13,"column":6},"end":{"line":13,"column":18}},"8":{"start":{"line":16,"column":2},"end":{"line":16,"column":15}},"9":{"start":{"line":18,"column":0},"end":{"line":28,"column":2}},"10":{"start":{"line":19,"column":12},"end":{"line":19,"column":14}},"11":{"start":{"line":20,"column":2},"end":{"line":26,"column":5}},"12":{"start":{"line":21,"column":4},"end":{"line":25,"column":5}},"13":{"start":{"line":22,"column":6},"end":{"line":22,"column":44}},"14":{"start":{"line":24,"column":6},"end":{"line":24,"column":17}},"15":{"start":{"line":27,"column":2},"end":{"line":27,"column":13}}},"fnMap":{"0":{"name":"(anonymous_0)","decl":{"start":{"line":4,"column":29},"end":{"line":4,"column":30}},"loc":{"start":{"line":4,"column":49},"end":{"line":17,"column":1}},"line":4},"1":{"name":"(anonymous_1)","decl":{"start":{"line":18,"column":19},"end":{"line":18,"column":20}},"loc":{"start":{"line":18,"column":28},"end":{"line":28,"column":1}},"line":18},"2":{"name":"(anonymous_2)","decl":{"start":{"line":20,"column":14},"end":{"line":20,"column":15}},"loc":{"start":{"line":20,"column":30},"end":{"line":26,"column":3}},"line":20}},"branchMap":{"0":{"loc":{"start":{"line":7,"column":2},"end":{"line":9,"column":3}},"type":"if","locations":[{"start":{"line":7,"column":2},"end":{"line":9,"column":3}},{"start":{"line":7,"column":2},"end":{"line":9,"column":3}}],"line":7},"1":{"loc":{"start":{"line":12,"column":4},"end":{"line":14,"column":5}},"type":"if","locations":[{"start":{"line":12,"column":4},"end":{"line":14,"column":5}},{"start":{"line":12,"column":4},"end":{"line":14,"column":5}}],"line":12},"2":{"loc":{"start":{"line":21,"column":4},"end":{"line":25,"column":5}},"type":"if","locations":[{"start":{"line":21,"column":4},"end":{"line":25,"column":5}},{"start":{"line":21,"column":4},"end":{"line":25,"column":5}}],"line":21}},"s":{"0":4,"1":4,"2":0,"3":0,"4":0,"5":0,"6":0,"7":0,"8":0,"9":4,"10":6,"11":6,"12":18,"13":3,"14":15,"15":6},"f":{"0":0,"1":6,"2":18},"b":{"0":[0,0],"1":[0,0],"2":[3,15]},"_coverageSchema":"1a1c01bbd47fc00a2c39e90264f33305004495a9","hash":"96f6f140c5abd53cc69432340a8a6f7637546de2"}
,"/Users/derekmalone/newTerra/project-catwalk-1/client/src/ReviewsComponents/brain.jsx": {"path":"/Users/derekmalone/newTerra/project-catwalk-1/client/src/ReviewsComponents/brain.jsx","statementMap":{"0":{"start":{"line":3,"column":12},"end":{"line":3,"column":14}},"1":{"start":{"line":5,"column":0},"end":{"line":14,"column":2}},"2":{"start":{"line":6,"column":13},"end":{"line":6,"column":29}},"3":{"start":{"line":7,"column":15},"end":{"line":7,"column":17}},"4":{"start":{"line":8,"column":14},"end":{"line":9,"column":61}},"5":{"start":{"line":10,"column":2},"end":{"line":10,"column":41}},"6":{"start":{"line":11,"column":2},"end":{"line":11,"column":40}},"7":{"start":{"line":12,"column":2},"end":{"line":12,"column":31}},"8":{"start":{"line":13,"column":2},"end":{"line":13,"column":16}},"9":{"start":{"line":16,"column":0},"end":{"line":22,"column":2}},"10":{"start":{"line":17,"column":14},"end":{"line":17,"column":15}},"11":{"start":{"line":18,"column":2},"end":{"line":20,"column":3}},"12":{"start":{"line":19,"column":4},"end":{"line":19,"column":37}},"13":{"start":{"line":21,"column":2},"end":{"line":21,"column":15}},"14":{"start":{"line":24,"column":0},"end":{"line":32,"column":2}},"15":{"start":{"line":25,"column":2},"end":{"line":31,"column":3}},"16":{"start":{"line":26,"column":4},"end":{"line":26,"column":22}},"17":{"start":{"line":27,"column":9},"end":{"line":31,"column":3}},"18":{"start":{"line":28,"column":4},"end":{"line":28,"column":21}},"19":{"start":{"line":30,"column":4},"end":{"line":30,"column":20}},"20":{"start":{"line":35,"column":0},"end":{"line":47,"column":2}},"21":{"start":{"line":36,"column":15},"end":{"line":36,"column":33}},"22":{"start":{"line":37,"column":16},"end":{"line":37,"column":31}},"23":{"start":{"line":38,"column":2},"end":{"line":38,"column":53}},"24":{"start":{"line":39,"column":17},"end":{"line":39,"column":39}},"25":{"start":{"line":40,"column":2},"end":{"line":42,"column":3}},"26":{"start":{"line":41,"column":4},"end":{"line":41,"column":50}},"27":{"start":{"line":43,"column":2},"end":{"line":45,"column":3}},"28":{"start":{"line":44,"column":4},"end":{"line":44,"column":21}},"29":{"start":{"line":46,"column":2},"end":{"line":46,"column":18}},"30":{"start":{"line":49,"column":0},"end":{"line":61,"column":2}},"31":{"start":{"line":50,"column":2},"end":{"line":56,"column":3}},"32":{"start":{"line":51,"column":17},"end":{"line":51,"column":19}},"33":{"start":{"line":52,"column":4},"end":{"line":54,"column":5}},"34":{"start":{"line":52,"column":17},"end":{"line":52,"column":18}},"35":{"start":{"line":53,"column":6},"end":{"line":53,"column":99}},"36":{"start":{"line":55,"column":4},"end":{"line":55,"column":18}},"37":{"start":{"line":58,"column":2},"end":{"line":60,"column":4}},"38":{"start":{"line":59,"column":32},"end":{"line":59,"column":109}},"39":{"start":{"line":63,"column":0},"end":{"line":69,"column":2}},"40":{"start":{"line":64,"column":17},"end":{"line":64,"column":19}},"41":{"start":{"line":65,"column":2},"end":{"line":67,"column":3}},"42":{"start":{"line":66,"column":4},"end":{"line":66,"column":63}},"43":{"start":{"line":68,"column":2},"end":{"line":68,"column":18}},"44":{"start":{"line":71,"column":0},"end":{"line":98,"column":2}},"45":{"start":{"line":72,"column":2},"end":{"line":97,"column":3}},"46":{"start":{"line":73,"column":4},"end":{"line":73,"column":14}},"47":{"start":{"line":75,"column":21},"end":{"line":82,"column":5}},"48":{"start":{"line":84,"column":16},"end":{"line":84,"column":36}},"49":{"start":{"line":85,"column":19},"end":{"line":85,"column":21}},"50":{"start":{"line":87,"column":4},"end":{"line":94,"column":5}},"51":{"start":{"line":88,"column":19},"end":{"line":88,"column":21}},"52":{"start":{"line":89,"column":6},"end":{"line":89,"column":25}},"53":{"start":{"line":90,"column":6},"end":{"line":90,"column":71}},"54":{"start":{"line":91,"column":6},"end":{"line":91,"column":39}},"55":{"start":{"line":92,"column":6},"end":{"line":92,"column":40}},"56":{"start":{"line":93,"column":6},"end":{"line":93,"column":28}},"57":{"start":{"line":96,"column":4},"end":{"line":96,"column":20}},"58":{"start":{"line":100,"column":0},"end":{"line":116,"column":2}},"59":{"start":{"line":101,"column":2},"end":{"line":115,"column":3}},"60":{"start":{"line":102,"column":4},"end":{"line":102,"column":14}},"61":{"start":{"line":104,"column":23},"end":{"line":104,"column":85}},"62":{"start":{"line":105,"column":17},"end":{"line":105,"column":19}},"63":{"start":{"line":107,"column":4},"end":{"line":112,"column":5}},"64":{"start":{"line":108,"column":18},"end":{"line":108,"column":20}},"65":{"start":{"line":109,"column":6},"end":{"line":109,"column":26}},"66":{"start":{"line":110,"column":6},"end":{"line":110,"column":84}},"67":{"start":{"line":111,"column":6},"end":{"line":111,"column":25}},"68":{"start":{"line":114,"column":4},"end":{"line":114,"column":18}},"69":{"start":{"line":118,"column":0},"end":{"line":133,"column":2}},"70":{"start":{"line":119,"column":2},"end":{"line":132,"column":3}},"71":{"start":{"line":120,"column":4},"end":{"line":120,"column":17}},"72":{"start":{"line":122,"column":23},"end":{"line":122,"column":85}},"73":{"start":{"line":123,"column":20},"end":{"line":123,"column":21}},"74":{"start":{"line":125,"column":4},"end":{"line":127,"column":5}},"75":{"start":{"line":126,"column":6},"end":{"line":126,"column":65}},"76":{"start":{"line":129,"column":18},"end":{"line":129,"column":77}},"77":{"start":{"line":130,"column":4},"end":{"line":130,"column":46}},"78":{"start":{"line":131,"column":4},"end":{"line":131,"column":19}},"79":{"start":{"line":135,"column":0},"end":{"line":143,"column":2}},"80":{"start":{"line":136,"column":2},"end":{"line":142,"column":3}},"81":{"start":{"line":137,"column":4},"end":{"line":137,"column":15}},"82":{"start":{"line":139,"column":23},"end":{"line":139,"column":85}},"83":{"start":{"line":140,"column":21},"end":{"line":140,"column":85}},"84":{"start":{"line":141,"column":4},"end":{"line":141,"column":33}},"85":{"start":{"line":145,"column":0},"end":{"line":151,"column":2}},"86":{"start":{"line":146,"column":2},"end":{"line":150,"column":3}},"87":{"start":{"line":147,"column":4},"end":{"line":147,"column":16}},"88":{"start":{"line":149,"column":4},"end":{"line":149,"column":64}},"89":{"start":{"line":149,"column":33},"end":{"line":149,"column":62}},"90":{"start":{"line":153,"column":0},"end":{"line":164,"column":2}},"91":{"start":{"line":154,"column":2},"end":{"line":163,"column":3}},"92":{"start":{"line":155,"column":4},"end":{"line":155,"column":16}},"93":{"start":{"line":157,"column":4},"end":{"line":162,"column":7}},"94":{"start":{"line":158,"column":6},"end":{"line":161,"column":7}},"95":{"start":{"line":160,"column":8},"end":{"line":160,"column":20}}},"fnMap":{"0":{"name":"(anonymous_0)","decl":{"start":{"line":5,"column":29},"end":{"line":5,"column":30}},"loc":{"start":{"line":5,"column":47},"end":{"line":14,"column":1}},"line":5},"1":{"name":"(anonymous_1)","decl":{"start":{"line":16,"column":23},"end":{"line":16,"column":24}},"loc":{"start":{"line":16,"column":42},"end":{"line":22,"column":1}},"line":16},"2":{"name":"(anonymous_2)","decl":{"start":{"line":24,"column":26},"end":{"line":24,"column":27}},"loc":{"start":{"line":24,"column":44},"end":{"line":32,"column":1}},"line":24},"3":{"name":"(anonymous_3)","decl":{"start":{"line":35,"column":25},"end":{"line":35,"column":26}},"loc":{"start":{"line":35,"column":43},"end":{"line":47,"column":1}},"line":35},"4":{"name":"(anonymous_4)","decl":{"start":{"line":49,"column":23},"end":{"line":49,"column":24}},"loc":{"start":{"line":49,"column":73},"end":{"line":61,"column":1}},"line":49},"5":{"name":"(anonymous_5)","decl":{"start":{"line":59,"column":13},"end":{"line":59,"column":14}},"loc":{"start":{"line":59,"column":32},"end":{"line":59,"column":109}},"line":59},"6":{"name":"(anonymous_6)","decl":{"start":{"line":63,"column":30},"end":{"line":63,"column":31}},"loc":{"start":{"line":63,"column":66},"end":{"line":69,"column":1}},"line":63},"7":{"name":"(anonymous_7)","decl":{"start":{"line":71,"column":30},"end":{"line":71,"column":31}},"loc":{"start":{"line":71,"column":46},"end":{"line":98,"column":1}},"line":71},"8":{"name":"(anonymous_8)","decl":{"start":{"line":100,"column":22},"end":{"line":100,"column":23}},"loc":{"start":{"line":100,"column":38},"end":{"line":116,"column":1}},"line":100},"9":{"name":"(anonymous_9)","decl":{"start":{"line":118,"column":25},"end":{"line":118,"column":26}},"loc":{"start":{"line":118,"column":41},"end":{"line":133,"column":1}},"line":118},"10":{"name":"(anonymous_10)","decl":{"start":{"line":135,"column":38},"end":{"line":135,"column":39}},"loc":{"start":{"line":135,"column":54},"end":{"line":143,"column":1}},"line":135},"11":{"name":"(anonymous_11)","decl":{"start":{"line":145,"column":22},"end":{"line":145,"column":23}},"loc":{"start":{"line":145,"column":47},"end":{"line":151,"column":1}},"line":145},"12":{"name":"(anonymous_12)","decl":{"start":{"line":149,"column":23},"end":{"line":149,"column":24}},"loc":{"start":{"line":149,"column":33},"end":{"line":149,"column":62}},"line":149},"13":{"name":"(anonymous_13)","decl":{"start":{"line":153,"column":25},"end":{"line":153,"column":26}},"loc":{"start":{"line":153,"column":48},"end":{"line":164,"column":1}},"line":153},"14":{"name":"(anonymous_14)","decl":{"start":{"line":157,"column":23},"end":{"line":157,"column":24}},"loc":{"start":{"line":157,"column":33},"end":{"line":162,"column":5}},"line":157}},"branchMap":{"0":{"loc":{"start":{"line":25,"column":2},"end":{"line":31,"column":3}},"type":"if","locations":[{"start":{"line":25,"column":2},"end":{"line":31,"column":3}},{"start":{"line":25,"column":2},"end":{"line":31,"column":3}}],"line":25},"1":{"loc":{"start":{"line":27,"column":9},"end":{"line":31,"column":3}},"type":"if","locations":[{"start":{"line":27,"column":9},"end":{"line":31,"column":3}},{"start":{"line":27,"column":9},"end":{"line":31,"column":3}}],"line":27},"2":{"loc":{"start":{"line":40,"column":2},"end":{"line":42,"column":3}},"type":"if","locations":[{"start":{"line":40,"column":2},"end":{"line":42,"column":3}},{"start":{"line":40,"column":2},"end":{"line":42,"column":3}}],"line":40},"3":{"loc":{"start":{"line":50,"column":2},"end":{"line":56,"column":3}},"type":"if","locations":[{"start":{"line":50,"column":2},"end":{"line":56,"column":3}},{"start":{"line":50,"column":2},"end":{"line":56,"column":3}}],"line":50},"4":{"loc":{"start":{"line":52,"column":20},"end":{"line":52,"column":44}},"type":"binary-expr","locations":[{"start":{"line":52,"column":20},"end":{"line":52,"column":25}},{"start":{"line":52,"column":29},"end":{"line":52,"column":44}}],"line":52},"5":{"loc":{"start":{"line":72,"column":2},"end":{"line":97,"column":3}},"type":"if","locations":[{"start":{"line":72,"column":2},"end":{"line":97,"column":3}},{"start":{"line":72,"column":2},"end":{"line":97,"column":3}}],"line":72},"6":{"loc":{"start":{"line":101,"column":2},"end":{"line":115,"column":3}},"type":"if","locations":[{"start":{"line":101,"column":2},"end":{"line":115,"column":3}},{"start":{"line":101,"column":2},"end":{"line":115,"column":3}}],"line":101},"7":{"loc":{"start":{"line":119,"column":2},"end":{"line":132,"column":3}},"type":"if","locations":[{"start":{"line":119,"column":2},"end":{"line":132,"column":3}},{"start":{"line":119,"column":2},"end":{"line":132,"column":3}}],"line":119},"8":{"loc":{"start":{"line":130,"column":15},"end":{"line":130,"column":45}},"type":"cond-expr","locations":[{"start":{"line":130,"column":36},"end":{"line":130,"column":40}},{"start":{"line":130,"column":43},"end":{"line":130,"column":45}}],"line":130},"9":{"loc":{"start":{"line":136,"column":2},"end":{"line":142,"column":3}},"type":"if","locations":[{"start":{"line":136,"column":2},"end":{"line":142,"column":3}},{"start":{"line":136,"column":2},"end":{"line":142,"column":3}}],"line":136},"10":{"loc":{"start":{"line":146,"column":2},"end":{"line":150,"column":3}},"type":"if","locations":[{"start":{"line":146,"column":2},"end":{"line":150,"column":3}},{"start":{"line":146,"column":2},"end":{"line":150,"column":3}}],"line":146},"11":{"loc":{"start":{"line":154,"column":2},"end":{"line":163,"column":3}},"type":"if","locations":[{"start":{"line":154,"column":2},"end":{"line":163,"column":3}},{"start":{"line":154,"column":2},"end":{"line":163,"column":3}}],"line":154},"12":{"loc":{"start":{"line":158,"column":6},"end":{"line":161,"column":7}},"type":"if","locations":[{"start":{"line":158,"column":6},"end":{"line":161,"column":7}},{"start":{"line":158,"column":6},"end":{"line":161,"column":7}}],"line":158},"13":{"loc":{"start":{"line":158,"column":10},"end":{"line":159,"column":66}},"type":"binary-expr","locations":[{"start":{"line":158,"column":10},"end":{"line":158,"column":63}},{"start":{"line":159,"column":10},"end":{"line":159,"column":66}}],"line":158}},"s":{"0":3,"1":3,"2":2,"3":2,"4":2,"5":2,"6":2,"7":2,"8":2,"9":3,"10":0,"11":0,"12":0,"13":0,"14":3,"15":0,"16":0,"17":0,"18":0,"19":0,"20":3,"21":0,"22":0,"23":0,"24":0,"25":0,"26":0,"27":0,"28":0,"29":0,"30":3,"31":0,"32":0,"33":0,"34":0,"35":0,"36":0,"37":0,"38":0,"39":3,"40":0,"41":0,"42":0,"43":0,"44":3,"45":0,"46":0,"47":0,"48":0,"49":0,"50":0,"51":0,"52":0,"53":0,"54":0,"55":0,"56":0,"57":0,"58":3,"59":0,"60":0,"61":0,"62":0,"63":0,"64":0,"65":0,"66":0,"67":0,"68":0,"69":3,"70":0,"71":0,"72":0,"73":0,"74":0,"75":0,"76":0,"77":0,"78":0,"79":3,"80":0,"81":0,"82":0,"83":0,"84":0,"85":3,"86":0,"87":0,"88":0,"89":0,"90":3,"91":0,"92":0,"93":0,"94":0,"95":0},"f":{"0":2,"1":0,"2":0,"3":0,"4":0,"5":0,"6":0,"7":0,"8":0,"9":0,"10":0,"11":0,"12":0,"13":0,"14":0},"b":{"0":[0,0],"1":[0,0],"2":[0,0],"3":[0,0],"4":[0,0],"5":[0,0],"6":[0,0],"7":[0,0],"8":[0,0],"9":[0,0],"10":[0,0],"11":[0,0],"12":[0,0],"13":[0,0]},"_coverageSchema":"1a1c01bbd47fc00a2c39e90264f33305004495a9","hash":"516cfc7a512784e81dc0f02e56c3a6e46ff2e014"}
}
