TN:
SF:configAPI.js
FNF:0
FNH:0
DA:5,4
DA:7,4
DA:12,4
DA:17,4
LF:4
LH:4
BRF:0
BRH:0
end_of_record
TN:
SF:client/src/QandAComponents/Answer.jsx
FN:6,Answer
FN:9,(anonymous_1)
FN:12,(anonymous_2)
FN:15,(anonymous_3)
FN:39,Photos
FN:45,(anonymous_5)
FN:52,Photo
FN:56,(anonymous_7)
FN:57,(anonymous_8)
FNF:9
FNH:2
FNDA:2,Answer
FNDA:0,(anonymous_1)
FNDA:0,(anonymous_2)
FNDA:0,(anonymous_3)
FNDA:2,Photos
FNDA:0,(anonymous_5)
FNDA:0,Photo
FNDA:0,(anonymous_7)
FNDA:0,(anonymous_8)
DA:7,2
DA:9,2
DA:10,0
DA:11,0
DA:13,0
DA:15,0
DA:18,2
DA:40,2
DA:41,2
DA:43,0
DA:46,0
DA:53,0
DA:54,0
DA:56,0
DA:57,0
LF:15
LH:5
BRDA:24,0,0,0
BRDA:24,0,1,2
BRDA:40,1,0,2
BRDA:40,1,1,0
BRF:4
BRH:2
end_of_record
TN:
SF:client/src/QandAComponents/AnswerList.jsx
FN:4,(anonymous_0)
FN:8,(anonymous_1)
FN:19,(anonymous_2)
FN:29,ExandAnswers
FNF:4
FNH:3
FNDA:5,(anonymous_0)
FNDA:3,(anonymous_1)
FNDA:0,(anonymous_2)
FNDA:5,ExandAnswers
DA:4,3
DA:5,5
DA:6,5
DA:9,3
DA:10,2
DA:17,0
DA:20,0
DA:21,0
DA:30,5
DA:31,4
DA:33,1
DA:34,1
DA:36,0
LF:13
LH:9
BRDA:5,0,0,5
BRDA:5,0,1,0
BRDA:9,1,0,2
BRDA:9,1,1,1
BRDA:20,2,0,0
BRDA:20,2,1,0
BRDA:30,3,0,4
BRDA:30,3,1,1
BRDA:33,4,0,1
BRDA:33,4,1,0
BRF:10
BRH:6
end_of_record
TN:
SF:client/src/QandAComponents/GenericModal.jsx
FN:31,GenericModal
FNF:1
FNH:1
FNDA:5,GenericModal
DA:5,3
DA:15,3
DA:21,3
DA:32,5
DA:33,5
DA:35,0
LF:6
LH:5
BRDA:32,0,0,5
BRDA:32,0,1,0
BRF:2
BRH:1
end_of_record
TN:
SF:client/src/QandAComponents/Helpfulness.jsx
FN:4,Helpfulness
FN:8,(anonymous_1)
FN:11,(anonymous_2)
FN:14,(anonymous_3)
FNF:4
FNH:1
FNDA:11,Helpfulness
FNDA:0,(anonymous_1)
FNDA:0,(anonymous_2)
FNDA:0,(anonymous_3)
DA:6,11
DA:8,11
DA:9,0
DA:10,0
DA:12,0
DA:14,0
DA:16,11
DA:18,11
DA:25,0
LF:9
LH:4
BRDA:16,0,0,11
BRDA:16,0,1,0
BRF:2
BRH:1
end_of_record
TN:
SF:client/src/QandAComponents/QandAAPIcalls.js
FN:8,(anonymous_0)
FN:14,(anonymous_1)
FN:18,(anonymous_2)
FN:22,(anonymous_3)
FN:29,(anonymous_4)
FN:33,(anonymous_5)
FN:36,(anonymous_6)
FN:46,(anonymous_7)
FN:49,(anonymous_8)
FN:52,(anonymous_9)
FN:66,(anonymous_10)
FN:69,(anonymous_11)
FN:72,(anonymous_12)
FNF:13
FNH:0
FNDA:0,(anonymous_0)
FNDA:0,(anonymous_1)
FNDA:0,(anonymous_2)
FNDA:0,(anonymous_3)
FNDA:0,(anonymous_4)
FNDA:0,(anonymous_5)
FNDA:0,(anonymous_6)
FNDA:0,(anonymous_7)
FNDA:0,(anonymous_8)
FNDA:0,(anonymous_9)
FNDA:0,(anonymous_10)
FNDA:0,(anonymous_11)
FNDA:0,(anonymous_12)
DA:4,4
DA:6,4
DA:8,4
DA:9,0
DA:13,0
DA:16,0
DA:18,0
DA:22,4
DA:23,0
DA:28,0
DA:31,0
DA:33,0
DA:36,4
DA:37,0
DA:45,0
DA:47,0
DA:49,0
DA:52,4
DA:54,0
DA:59,0
DA:65,0
DA:67,0
DA:69,0
DA:72,4
DA:76,0
LF:25
LH:7
BRF:0
BRH:0
end_of_record
TN:
SF:client/src/QandAComponents/Question.jsx
FN:9,(anonymous_0)
FN:19,(anonymous_1)
FN:23,(anonymous_2)
FN:27,(anonymous_3)
FN:30,(anonymous_4)
FN:33,(anonymous_5)
FN:36,(anonymous_6)
FN:39,(anonymous_7)
FN:44,(anonymous_8)
FN:47,(anonymous_9)
FN:51,(anonymous_10)
FN:53,(anonymous_11)
FN:71,(anonymous_12)
FNF:13
FNH:1
FNDA:4,(anonymous_0)
FNDA:0,(anonymous_1)
FNDA:0,(anonymous_2)
FNDA:0,(anonymous_3)
FNDA:0,(anonymous_4)
FNDA:0,(anonymous_5)
FNDA:0,(anonymous_6)
FNDA:0,(anonymous_7)
FNDA:0,(anonymous_8)
FNDA:0,(anonymous_9)
FNDA:0,(anonymous_10)
FNDA:0,(anonymous_11)
FNDA:0,(anonymous_12)
DA:9,1
DA:10,4
DA:11,4
DA:12,4
DA:13,4
DA:14,4
DA:19,4
DA:20,0
DA:21,0
DA:23,4
DA:24,0
DA:25,0
DA:27,4
DA:28,0
DA:30,4
DA:31,0
DA:33,4
DA:34,0
DA:36,4
DA:37,0
DA:38,0
DA:40,0
DA:41,0
DA:42,0
DA:44,0
DA:47,4
DA:48,0
DA:49,0
DA:51,4
DA:52,0
DA:54,0
DA:57,4
DA:71,0
LF:33
LH:15
BRF:0
BRH:0
end_of_record
TN:
SF:client/src/QandAComponents/QuestionList.jsx
FN:4,(anonymous_0)
FN:8,(anonymous_1)
FN:18,(anonymous_2)
FNF:3
FNH:2
FNDA:3,(anonymous_0)
FNDA:6,(anonymous_1)
FNDA:0,(anonymous_2)
DA:4,1
DA:5,3
DA:6,3
DA:9,6
DA:10,4
DA:16,0
DA:19,0
DA:20,0
LF:8
LH:5
BRDA:5,0,0,3
BRDA:5,0,1,0
BRDA:9,1,0,4
BRDA:9,1,1,2
BRDA:19,2,0,0
BRDA:19,2,1,0
BRF:6
BRH:3
end_of_record
TN:
SF:client/src/QandAComponents/helpers.js
FN:4,(anonymous_0)
FN:18,(anonymous_1)
FN:20,(anonymous_2)
FNF:3
FNH:2
FNDA:0,(anonymous_0)
FNDA:6,(anonymous_1)
FNDA:18,(anonymous_2)
DA:2,4
DA:4,4
DA:7,0
DA:8,0
DA:10,0
DA:11,0
DA:12,0
DA:13,0
DA:16,0
DA:18,4
DA:19,6
DA:20,6
DA:21,18
DA:22,3
DA:24,15
DA:27,6
LF:16
LH:9
BRDA:7,0,0,0
BRDA:7,0,1,0
BRDA:12,1,0,0
BRDA:12,1,1,0
BRDA:21,2,0,3
BRDA:21,2,1,15
BRF:6
BRH:2
end_of_record
TN:
SF:client/src/ReviewsComponents/brain.jsx
FN:5,(anonymous_0)
FN:16,(anonymous_1)
FN:24,(anonymous_2)
FN:35,(anonymous_3)
FN:49,(anonymous_4)
FN:59,(anonymous_5)
FN:63,(anonymous_6)
FN:71,(anonymous_7)
FN:100,(anonymous_8)
FN:118,(anonymous_9)
FN:135,(anonymous_10)
FN:145,(anonymous_11)
FN:149,(anonymous_12)
FN:153,(anonymous_13)
FN:157,(anonymous_14)
FNF:15
FNH:1
FNDA:2,(anonymous_0)
FNDA:0,(anonymous_1)
FNDA:0,(anonymous_2)
FNDA:0,(anonymous_3)
FNDA:0,(anonymous_4)
FNDA:0,(anonymous_5)
FNDA:0,(anonymous_6)
FNDA:0,(anonymous_7)
FNDA:0,(anonymous_8)
FNDA:0,(anonymous_9)
FNDA:0,(anonymous_10)
FNDA:0,(anonymous_11)
FNDA:0,(anonymous_12)
FNDA:0,(anonymous_13)
FNDA:0,(anonymous_14)
DA:3,3
DA:5,3
DA:6,2
DA:7,2
DA:8,2
DA:10,2
DA:11,2
DA:12,2
DA:13,2
DA:16,3
DA:17,0
DA:18,0
DA:19,0
DA:21,0
DA:24,3
DA:25,0
DA:26,0
DA:27,0
DA:28,0
DA:30,0
DA:35,3
DA:36,0
DA:37,0
DA:38,0
DA:39,0
DA:40,0
DA:41,0
DA:43,0
DA:44,0
DA:46,0
DA:49,3
DA:50,0
DA:51,0
DA:52,0
DA:53,0
DA:55,0
DA:58,0
DA:59,0
DA:63,3
DA:64,0
DA:65,0
DA:66,0
DA:68,0
DA:71,3
DA:72,0
DA:73,0
DA:75,0
DA:84,0
DA:85,0
DA:87,0
DA:88,0
DA:89,0
DA:90,0
DA:91,0
DA:92,0
DA:93,0
DA:96,0
DA:100,3
DA:101,0
DA:102,0
DA:104,0
DA:105,0
DA:107,0
DA:108,0
DA:109,0
DA:110,0
DA:111,0
DA:114,0
DA:118,3
DA:119,0
DA:120,0
DA:122,0
DA:123,0
DA:125,0
DA:126,0
DA:129,0
DA:130,0
DA:131,0
DA:135,3
DA:136,0
DA:137,0
DA:139,0
DA:140,0
DA:141,0
DA:145,3
DA:146,0
DA:147,0
DA:149,0
DA:153,3
DA:154,0
DA:155,0
DA:157,0
DA:158,0
DA:160,0
LF:94
LH:20
BRDA:25,0,0,0
BRDA:25,0,1,0
BRDA:27,1,0,0
BRDA:27,1,1,0
BRDA:40,2,0,0
BRDA:40,2,1,0
BRDA:50,3,0,0
BRDA:50,3,1,0
BRDA:52,4,0,0
BRDA:52,4,1,0
BRDA:72,5,0,0
BRDA:72,5,1,0
BRDA:101,6,0,0
BRDA:101,6,1,0
BRDA:119,7,0,0
BRDA:119,7,1,0
BRDA:130,8,0,0
BRDA:130,8,1,0
BRDA:136,9,0,0
BRDA:136,9,1,0
BRDA:146,10,0,0
BRDA:146,10,1,0
BRDA:154,11,0,0
BRDA:154,11,1,0
BRDA:158,12,0,0
BRDA:158,12,1,0
BRDA:158,13,0,0
BRDA:158,13,1,0
BRF:28
BRH:0
end_of_record
